<?xml version="1.0" encoding="UTF-8"?>
<!-- Generated by org.testng.reporters.JUnitXMLReporter -->
<testsuite hostname="DESKTOP-4V9HIF2" name="Default test" tests="4" failures="0" timestamp="27 Jan 2019 07:54:17 GMT" time="0.106" errors="0">
  <testcase name="div" time="0.04" classname="com.qa.tests.DemoTest"/>
  <testcase name="mult" time="0.004" classname="com.qa.tests.DemoTest"/>
  <testcase name="sub" time="0.008" classname="com.qa.tests.DemoTest"/>
  <testcase name="sum" time="0.005" classname="com.qa.tests.DemoTest"/>
</testsuite> <!-- Default test -->
