<?xml version="1.0" encoding="UTF-8"?>
<testng-results skipped="0" failed="0" total="8" passed="8">
  <reporter-output>
  </reporter-output>
  <suite name="MavenSuite" duration-ms="50" started-at="2019-01-27T10:58:16Z" finished-at="2019-01-27T10:58:16Z">
    <groups>
    </groups>
    <test name="Test" duration-ms="50" started-at="2019-01-27T10:58:16Z" finished-at="2019-01-27T10:58:16Z">
      <class name="com.qa.tests.DemoTest">
        <test-method status="PASS" signature="div()[pri:0, instance:com.qa.tests.DemoTest@783e6358]" name="div" duration-ms="23" started-at="2019-01-27T16:28:16Z" finished-at="2019-01-27T16:28:16Z">
          <reporter-output>
          </reporter-output>
        </test-method> <!-- div -->
        <test-method status="PASS" signature="mult()[pri:0, instance:com.qa.tests.DemoTest@783e6358]" name="mult" duration-ms="1" started-at="2019-01-27T16:28:16Z" finished-at="2019-01-27T16:28:16Z">
          <reporter-output>
          </reporter-output>
        </test-method> <!-- mult -->
        <test-method status="PASS" signature="sub()[pri:0, instance:com.qa.tests.DemoTest@783e6358]" name="sub" duration-ms="1" started-at="2019-01-27T16:28:16Z" finished-at="2019-01-27T16:28:16Z">
          <reporter-output>
          </reporter-output>
        </test-method> <!-- sub -->
        <test-method status="PASS" signature="sum()[pri:0, instance:com.qa.tests.DemoTest@783e6358]" name="sum" duration-ms="1" started-at="2019-01-27T16:28:16Z" finished-at="2019-01-27T16:28:16Z">
          <reporter-output>
          </reporter-output>
        </test-method> <!-- sum -->
      </class> <!-- com.qa.tests.DemoTest -->
      <class name="com.qa.tests.DemoTest2">
        <test-method status="PASS" signature="div()[pri:0, instance:com.qa.tests.DemoTest2@5ebec15]" name="div" duration-ms="0" started-at="2019-01-27T16:28:16Z" finished-at="2019-01-27T16:28:16Z">
          <reporter-output>
          </reporter-output>
        </test-method> <!-- div -->
        <test-method status="PASS" signature="mult()[pri:0, instance:com.qa.tests.DemoTest2@5ebec15]" name="mult" duration-ms="1" started-at="2019-01-27T16:28:16Z" finished-at="2019-01-27T16:28:16Z">
          <reporter-output>
          </reporter-output>
        </test-method> <!-- mult -->
        <test-method status="PASS" signature="sub()[pri:0, instance:com.qa.tests.DemoTest2@5ebec15]" name="sub" duration-ms="1" started-at="2019-01-27T16:28:16Z" finished-at="2019-01-27T16:28:16Z">
          <reporter-output>
          </reporter-output>
        </test-method> <!-- sub -->
        <test-method status="PASS" signature="sum()[pri:0, instance:com.qa.tests.DemoTest2@5ebec15]" name="sum" duration-ms="1" started-at="2019-01-27T16:28:16Z" finished-at="2019-01-27T16:28:16Z">
          <reporter-output>
          </reporter-output>
        </test-method> <!-- sum -->
      </class> <!-- com.qa.tests.DemoTest2 -->
    </test> <!-- Test -->
  </suite> <!-- MavenSuite -->
</testng-results>
