<?xml version="1.0" encoding="UTF-8"?>
<!-- Generated by org.testng.reporters.JUnitReportReporter -->
<testsuite hostname="DESKTOP-4V9HIF2" name="com.qa.tests.DemoTest2" tests="4" failures="0" timestamp="27 Jan 2019 10:58:16 GMT" time="0.003" errors="0">
  <testcase name="sum" time="0.001" classname="com.qa.tests.DemoTest2"/>
  <testcase name="mult" time="0.001" classname="com.qa.tests.DemoTest2"/>
  <testcase name="div" time="0.000" classname="com.qa.tests.DemoTest2"/>
  <testcase name="sub" time="0.001" classname="com.qa.tests.DemoTest2"/>
</testsuite> <!-- com.qa.tests.DemoTest2 -->
