<?xml version="1.0" encoding="UTF-8"?>
<!-- Generated by org.testng.reporters.JUnitXMLReporter -->
<testsuite hostname="DESKTOP-4V9HIF2" name="Test" tests="4" failures="0" timestamp="27 Jan 2019 08:53:12 GMT" time="0.078" errors="0">
  <testcase name="div" time="0.024" classname="com.qa.tests.DemoTest"/>
  <testcase name="mult" time="0.004" classname="com.qa.tests.DemoTest"/>
  <testcase name="sub" time="0.005" classname="com.qa.tests.DemoTest"/>
  <testcase name="sum" time="0.004" classname="com.qa.tests.DemoTest"/>
</testsuite> <!-- Test -->
